first run, skipping
1th run ------
elewise_mul_runner
elewise_mul_np
47310.741959139705ms +/- 0.0ms
2th run ------
elewise_mul_runner
elewise_mul_np
47027.60821627453ms +/- 283.133742865175ms
3th run ------
elewise_mul_runner
elewise_mul_np
50107.005464844406ms +/- 4361.056978902248ms
4th run ------
elewise_mul_runner
elewise_mul_np
52774.41073139198ms +/- 5967.350002131703ms
5th run ------
elewise_mul_runner
elewise_mul_np
52918.238418363035ms +/- 5345.106028182299ms
6th run ------
elewise_mul_runner
elewise_mul_np
54640.71829710156ms +/- 6216.361479224617ms
7th run ------
elewise_mul_runner
elewise_mul_np
54312.08065950445ms +/- 5811.257713756158ms
8th run ------
elewise_mul_runner
elewise_mul_np
53596.006162813865ms +/- 5756.623618268251ms
9th run ------
elewise_mul_runner
elewise_mul_np
52783.25365380281ms +/- 5894.163987504009ms
first run, skipping
1th run ------
matmul_runner
matmul_np
5565.368383191526ms +/- 0.0ms
2th run ------
matmul_runner
matmul_np
4189.393850509077ms +/- 1375.9745326824486ms
3th run ------
matmul_runner
matmul_np
3449.379386069874ms +/- 1535.3979152711315ms
4th run ------
matmul_runner
matmul_np
3324.782282114029ms +/- 1347.0925668293007ms
5th run ------
matmul_runner
matmul_np
3191.220288723707ms +/- 1234.1320558185776ms
6th run ------
matmul_runner
matmul_np
3078.896963968873ms +/- 1154.260624419686ms
7th run ------
matmul_runner
matmul_np
2996.6271136488235ms +/- 1087.4725166921326ms
8th run ------
matmul_runner
matmul_np
2966.036186320707ms +/- 1020.4521297367108ms
9th run ------
matmul_runner
matmul_np
2976.0234351787303ms +/- 962.5061063434385ms
first run, skipping
1th run ------
multiquery_attention_part1_runner
multiquery_attention_part1_np
452.7736632153392ms +/- 0.0ms
2th run ------
multiquery_attention_part1_runner
multiquery_attention_part1_np
528.0210170894861ms +/- 75.24735387414694ms
3th run ------
multiquery_attention_part1_runner
multiquery_attention_part1_np
630.0848055010041ms +/- 156.87195411076388ms
4th run ------
multiquery_attention_part1_runner
multiquery_attention_part1_np
716.365396277979ms +/- 201.96442390769877ms
5th run ------
multiquery_attention_part1_runner
multiquery_attention_part1_np
848.7565563991666ms +/- 320.532962318122ms
6th run ------
multiquery_attention_part1_runner
multiquery_attention_part1_np
958.774792496115ms +/- 382.2798424973232ms
7th run ------
multiquery_attention_part1_runner
multiquery_attention_part1_np
1040.8550874729242ms +/- 407.0431023973523ms
8th run ------
multiquery_attention_part1_runner
multiquery_attention_part1_np
1078.1971039250493ms +/- 393.3631396776765ms
9th run ------
multiquery_attention_part1_runner
multiquery_attention_part1_np
1108.0445567559864ms +/- 380.3535123148632ms
first run, skipping
1th run ------
multiquery_attention_part2_runner
multiquery_attention_part2_np
1160.5855766683817ms +/- 0.0ms
2th run ------
multiquery_attention_part2_runner
multiquery_attention_part2_np
1139.5109123550355ms +/- 21.074664313346148ms
3th run ------
multiquery_attention_part2_runner
multiquery_attention_part2_np
1130.7494416832924ms +/- 21.20426971022066ms
4th run ------
multiquery_attention_part2_runner
multiquery_attention_part2_np
1129.3213132303208ms +/- 18.529286092356525ms
5th run ------
multiquery_attention_part2_runner
multiquery_attention_part2_np
1124.0117458626628ms +/- 19.68333246685411ms
6th run ------
multiquery_attention_part2_runner
multiquery_attention_part2_np
1104.3544855589669ms +/- 47.48579500654457ms
7th run ------
multiquery_attention_part2_runner
multiquery_attention_part2_np
1115.8792115747929ms +/- 52.24641528850907ms
8th run ------
multiquery_attention_part2_runner
multiquery_attention_part2_np
1122.611048282124ms +/- 52.01634646787624ms
9th run ------
multiquery_attention_part2_runner
multiquery_attention_part2_np
1120.3042802711327ms +/- 49.473592576915316ms
first run, skipping
1th run ------
rmsnorm_part1_runner
rmsnorm_part1_np
90301.26832611859ms +/- 0.0ms
2th run ------
rmsnorm_part1_runner
rmsnorm_part1_np
94100.2727583982ms +/- 3799.0044322796166ms
3th run ------
rmsnorm_part1_runner
rmsnorm_part1_np
95046.04381105553ms +/- 3377.9563179150946ms
4th run ------
rmsnorm_part1_runner
rmsnorm_part1_np
95886.50930509903ms +/- 3267.5814304069386ms
5th run ------
rmsnorm_part1_runner
rmsnorm_part1_np
95380.02997394651ms +/- 3093.1789432574046ms
6th run ------
rmsnorm_part1_runner
rmsnorm_part1_np
96963.40562930952ms +/- 4528.6336028825435ms
7th run ------
rmsnorm_part1_runner
rmsnorm_part1_np
98443.75078420022ms +/- 5543.217844672808ms
8th run ------
rmsnorm_part1_runner
rmsnorm_part1_np
98980.90302257333ms +/- 5376.437831374635ms
9th run ------
rmsnorm_part1_runner
rmsnorm_part1_np
98555.18358283573ms +/- 5210.008925304436ms
first run, skipping
1th run ------
rmsnorm_part1_dot_runner
rmsnorm_part1_dot_np
6423.771976493299ms +/- 0.0ms
2th run ------
rmsnorm_part1_dot_runner
rmsnorm_part1_dot_np
5596.723312046379ms +/- 827.0486644469202ms
3th run ------
rmsnorm_part1_dot_runner
rmsnorm_part1_dot_np
5555.417817396422ms +/- 677.8042613361997ms
4th run ------
rmsnorm_part1_dot_runner
rmsnorm_part1_dot_np
5632.190113188699ms +/- 601.8686889328801ms
5th run ------
rmsnorm_part1_dot_runner
rmsnorm_part1_dot_np
5719.4556238129735ms +/- 565.9132551480737ms
6th run ------
rmsnorm_part1_dot_runner
rmsnorm_part1_dot_np
5712.1764301943285ms +/- 516.8621127460036ms
7th run ------
rmsnorm_part1_dot_runner
rmsnorm_part1_dot_np
5730.748942121863ms +/- 480.6789938535028ms
8th run ------
rmsnorm_part1_dot_runner
rmsnorm_part1_dot_np
5773.68351619225ms +/- 463.7611473536267ms
9th run ------
rmsnorm_part1_dot_runner
rmsnorm_part1_dot_np
5705.4264631329315ms +/- 477.96385677007123ms
first run, skipping
1th run ------
rmsnorm_part2_runner
rmsnorm_part2_np
89372.22300376743ms +/- 0.0ms
2th run ------
rmsnorm_part2_runner
rmsnorm_part2_np
98830.72073664516ms +/- 9458.497732877731ms
3th run ------
rmsnorm_part2_runner
rmsnorm_part2_np
106674.64113856356ms +/- 13516.519304854286ms
4th run ------
rmsnorm_part2_runner
rmsnorm_part2_np
111363.49771590903ms +/- 14247.047013245303ms
5th run ------
rmsnorm_part2_runner
rmsnorm_part2_np
117401.3048691675ms +/- 17555.715301799984ms
6th run ------
rmsnorm_part2_runner
rmsnorm_part2_np
119743.05399429674ms +/- 16859.86045681961ms
7th run ------
rmsnorm_part2_runner
rmsnorm_part2_np
121267.96381215432ms +/- 16049.895708382617ms
8th run ------
rmsnorm_part2_runner
rmsnorm_part2_np
122952.80806603841ms +/- 15661.103388255813ms
9th run ------
rmsnorm_part2_runner
rmsnorm_part2_np
124575.79237522764ms +/- 15462.55295720047ms
first run, skipping
1th run ------
silu_runner
silu_np
362388.0291348323ms +/- 0.0ms
2th run ------
silu_runner
silu_np
358130.46438246965ms +/- 4257.5647523626685ms
3th run ------
silu_runner
silu_np
364291.3012523204ms +/- 9380.639297023714ms
4th run ------
silu_runner
silu_np
363198.2105220668ms +/- 8341.572828270952ms
5th run ------
silu_runner
silu_np
360882.44998678565ms +/- 8781.597646586935ms
6th run ------
silu_runner
silu_np
360977.0584022626ms +/- 8019.2560825082965ms
7th run ------
silu_runner
silu_np
361915.037569723ms +/- 7771.767727595276ms
8th run ------
silu_runner
silu_np
362635.52537560463ms +/- 7515.586847292718ms
9th run ------
silu_runner
silu_np
362749.26871868473ms +/- 7093.062876551652ms
first run, skipping
1th run ------
softmax_part1_runner
softmax_part1_np
19041.688919067383ms +/- 0.0ms
2th run ------
softmax_part1_runner
softmax_part1_np
22468.98816898465ms +/- 3427.2992499172688ms
3th run ------
softmax_part1_runner
softmax_part1_np
23740.987306771178ms +/- 3326.6926085901473ms
4th run ------
softmax_part1_runner
softmax_part1_np
24220.794593682513ms +/- 2998.4675889120235ms
5th run ------
softmax_part1_runner
softmax_part1_np
23499.452163092792ms +/- 3045.321972153528ms
6th run ------
softmax_part1_runner
softmax_part1_np
22897.586066431057ms +/- 3088.6138616896933ms
7th run ------
softmax_part1_runner
softmax_part1_np
22170.218237675726ms +/- 3369.143591238336ms
8th run ------
softmax_part1_runner
softmax_part1_np
21800.67555012647ms +/- 3299.7227241894807ms
9th run ------
softmax_part1_runner
softmax_part1_np
21536.706797675128ms +/- 3199.3451520194176ms
first run, skipping
1th run ------
softmax_part2_runner
softmax_part2_np
35100.87085235864ms +/- 0.0ms
2th run ------
softmax_part2_runner
softmax_part2_np
35393.60581384972ms +/- 292.73496149107814ms
3th run ------
softmax_part2_runner
softmax_part2_np
36092.277953090765ms +/- 1016.5700605907354ms
4th run ------
softmax_part2_runner
softmax_part2_np
36005.361552583054ms +/- 893.1541849528223ms
5th run ------
softmax_part2_runner
softmax_part2_np
35788.63810990006ms +/- 908.8760756629433ms
6th run ------
softmax_part2_runner
softmax_part2_np
35922.83841858929ms +/- 882.2858843302884ms
7th run ------
softmax_part2_runner
softmax_part2_np
35845.13469532664ms +/- 838.7201790912245ms
8th run ------
softmax_part2_runner
softmax_part2_np
35903.73681881465ms +/- 799.7246767507484ms
9th run ------
softmax_part2_runner
softmax_part2_np
35920.46849232995ms +/- 755.4713605523621ms
first run, skipping
1th run ------
softmax_part3_runner
softmax_part3_np
10561.468332074583ms +/- 0.0ms
2th run ------
softmax_part3_runner
softmax_part3_np
10464.902515057474ms +/- 96.5658170171082ms
3th run ------
softmax_part3_runner
softmax_part3_np
10476.278780649105ms +/- 80.47034763445737ms
4th run ------
softmax_part3_runner
softmax_part3_np
10565.14521036297ms +/- 168.96252432588653ms
5th run ------
softmax_part3_runner
softmax_part3_np
10397.397482953966ms +/- 367.9617750593182ms
6th run ------
softmax_part3_runner
softmax_part3_np
10459.630055042604ms +/- 363.585416462911ms
7th run ------
softmax_part3_runner
softmax_part3_np
10486.022112624985ms +/- 342.76623436205097ms
8th run ------
softmax_part3_runner
softmax_part3_np
10497.35877464991ms +/- 322.02832846268274ms
9th run ------
softmax_part3_runner
softmax_part3_np
10500.199465805457ms +/- 303.71751505289006ms
first run, skipping
1th run ------
softmax_part4_runner
softmax_part4_np
46511.19026634842ms +/- 0.0ms
2th run ------
softmax_part4_runner
softmax_part4_np
45444.50383167714ms +/- 1066.6864346712828ms
3th run ------
softmax_part4_runner
softmax_part4_np
45167.10813281437ms +/- 955.2190224077508ms
4th run ------
softmax_part4_runner
softmax_part4_np
45547.457561828196ms +/- 1057.5110401459885ms
5th run ------
softmax_part4_runner
softmax_part4_np
45712.13062033057ms +/- 1001.565047718134ms
6th run ------
softmax_part4_runner
softmax_part4_np
45892.203574534506ms +/- 999.0371021743134ms
7th run ------
softmax_part4_runner
softmax_part4_np
46144.147283397615ms +/- 1111.911311431451ms
8th run ------
softmax_part4_runner
softmax_part4_np
46243.00659773871ms +/- 1072.4810334695912ms
9th run ------
softmax_part4_runner
softmax_part4_np
46339.87591570864ms +/- 1047.6083025540217ms
first run, skipping
1th run ------
multiquery_attention_part2_einsum_runner
multiquery_attention_part2_einsum_np
247.4947515875101ms +/- 0.0ms
2th run ------
multiquery_attention_part2_einsum_runner
multiquery_attention_part2_einsum_np
226.84382693842053ms +/- 20.650924649089575ms
3th run ------
multiquery_attention_part2_einsum_runner
multiquery_attention_part2_einsum_np
238.00781400253376ms +/- 23.09927142235497ms
4th run ------
multiquery_attention_part2_einsum_runner
multiquery_attention_part2_einsum_np
238.38297300972044ms +/- 20.015106495463336ms
5th run ------
multiquery_attention_part2_einsum_runner
multiquery_attention_part2_einsum_np
242.91350934654474ms +/- 20.064561505722775ms
6th run ------
multiquery_attention_part2_einsum_runner
multiquery_attention_part2_einsum_np
249.85860272621116ms +/- 24.01375579278554ms
7th run ------
multiquery_attention_part2_einsum_runner
multiquery_attention_part2_einsum_np
254.3343702065093ms +/- 24.7886136713625ms
8th run ------
multiquery_attention_part2_einsum_runner
multiquery_attention_part2_einsum_np
251.81332451757044ms +/- 24.12790182215548ms
9th run ------
multiquery_attention_part2_einsum_runner
multiquery_attention_part2_einsum_np
249.6192499788271ms +/- 23.57930003811968ms
