first run, skipping
1th run ------
darken_blend_8_np
12470.29537241906ms +/- 0.0ms
2th run ------
darken_blend_8_np
11834.548115264624ms +/- 635.7472571544349ms
3th run ------
darken_blend_8_np
11432.03851673752ms +/- 770.3750193677266ms
4th run ------
darken_blend_8_np
11603.577451314777ms +/- 730.332164892845ms
5th run ------
darken_blend_8_np
11449.689843319356ms +/- 722.1036216775711ms
6th run ------
darken_blend_8_np
11459.543232029924ms +/- 659.5555170304431ms
7th run ------
darken_blend_8_np
11359.764719514975ms +/- 657.7257836970192ms
8th run ------
darken_blend_8_np
11412.123478599824ms +/- 630.6487796648091ms
9th run ------
darken_blend_8_np
11460.065743678973ms +/- 609.8480906083548ms
first run, skipping
1th run ------
color_burn_8_np
10414.172067306936ms +/- 0.0ms
2th run ------
color_burn_8_np
11263.110688887537ms +/- 848.9386215806007ms
3th run ------
color_burn_8_np
11405.328718014061ms +/- 721.7454244801601ms
4th run ------
color_burn_8_np
11360.391002614051ms +/- 629.8773992727885ms
5th run ------
color_burn_8_np
11470.878101699054ms +/- 605.1661150036399ms
6th run ------
color_burn_8_np
11529.687884418914ms +/- 567.8743772539999ms
7th run ------
color_burn_8_np
11487.208536160844ms +/- 535.9473110089127ms
8th run ------
color_burn_8_np
11627.24237749353ms +/- 623.378630676566ms
9th run ------
color_burn_8_np
11543.835660028788ms +/- 633.3059936894678ms
first run, skipping
1th run ------
lighten_blend_8_np
11355.471453629434ms +/- 0.0ms
2th run ------
lighten_blend_8_np
11888.617402873933ms +/- 533.1459492444992ms
3th run ------
lighten_blend_8_np
11966.427898965776ms +/- 449.0048426628189ms
4th run ------
lighten_blend_8_np
11943.138632224873ms +/- 390.9362881429452ms
5th run ------
lighten_blend_8_np
11704.20316811651ms +/- 592.1364447019808ms
6th run ------
lighten_blend_8_np
11719.69780527676ms +/- 541.6533884234065ms
7th run ------
lighten_blend_8_np
11698.804890603891ms +/- 504.0782170388574ms
8th run ------
lighten_blend_8_np
11656.747477245517ms +/- 484.47370920434827ms
9th run ------
lighten_blend_8_np
11638.003996159467ms +/- 459.83246964686543ms
first run, skipping
1th run ------
color_dodge_8_np
10761.306902393699ms +/- 0.0ms
2th run ------
color_dodge_8_np
9998.298459220678ms +/- 763.0084431730211ms
3th run ------
color_dodge_8_np
10124.691089304784ms +/- 648.1291924567978ms
4th run ------
color_dodge_8_np
10394.238169537857ms +/- 730.0825110715559ms
5th run ------
color_dodge_8_np
10447.456567548215ms +/- 661.623132852226ms
6th run ------
color_dodge_8_np
10571.101947687566ms +/- 664.2503607476262ms
7th run ------
color_dodge_8_np
10753.345060162246ms +/- 759.9152618537131ms
8th run ------
color_dodge_8_np
10747.539625503123ms +/- 711.0015654339252ms
9th run ------
color_dodge_8_np
10797.750173860954ms +/- 685.2173173831878ms
first run, skipping
1th run ------
overlay_blend_8_np
10208.582392893732ms +/- 0.0ms
2th run ------
overlay_blend_8_np
9752.589270006865ms +/- 455.99312288686633ms
3th run ------
overlay_blend_8_np
9805.689791838327ms +/- 379.8146252901431ms
4th run ------
overlay_blend_8_np
9744.851239258423ms +/- 345.3959331380037ms
5th run ------
overlay_blend_8_np
9743.048988468945ms +/- 308.9525415565481ms
6th run ------
overlay_blend_8_np
9991.681185395768ms +/- 623.4042889825452ms
7th run ------
overlay_blend_8_np
9886.890014899629ms +/- 631.6653047435045ms
8th run ------
overlay_blend_8_np
9828.19988578558ms +/- 610.9317833052905ms
9th run ------
overlay_blend_8_np
9731.052033706672ms +/- 638.1758659209795ms
first run, skipping
1th run ------
multiply_blend_8_np
2647.2694287076592ms +/- 0.0ms
2th run ------
multiply_blend_8_np
2277.7859354391694ms +/- 369.48349326848984ms
3th run ------
multiply_blend_8_np
2090.9690810367465ms +/- 401.0150978573703ms
4th run ------
multiply_blend_8_np
2013.4119347203523ms +/- 372.36428986463636ms
5th run ------
multiply_blend_8_np
1942.592546530068ms +/- 361.91943090652194ms
6th run ------
multiply_blend_8_np
1922.924747535338ms +/- 333.2999254568915ms
7th run ------
multiply_blend_8_np
1922.1440177144748ms +/- 308.5816961745302ms
8th run ------
multiply_blend_8_np
1903.3552301116288ms +/- 292.9009390379286ms
9th run ------
multiply_blend_8_np
1882.3190798155135ms +/- 282.4867928677997ms
first run, skipping
1th run ------
linear_burn_8_np
1645.9624795243144ms +/- 0.0ms
2th run ------
linear_burn_8_np
1672.727172728628ms +/- 26.764693204313517ms
3th run ------
linear_burn_8_np
1595.3886018445094ms +/- 111.5350839915838ms
4th run ------
linear_burn_8_np
1597.3151745274663ms +/- 96.64983842544893ms
5th run ------
linear_burn_8_np
1561.7490099743009ms +/- 111.94981580254465ms
6th run ------
linear_burn_8_np
1531.3564067085583ms +/- 122.72945604674736ms
7th run ------
linear_burn_8_np
1524.0990983854447ms +/- 115.00757385074742ms
8th run ------
linear_burn_8_np
1538.1107376888394ms +/- 113.78787958053697ms
9th run ------
linear_burn_8_np
1552.3727927356958ms +/- 114.61369887823993ms
first run, skipping
1th run ------
screen_blend_8_np
2677.6451226323843ms +/- 0.0ms
2th run ------
screen_blend_8_np
2747.3778929561377ms +/- 69.73277032375336ms
3th run ------
screen_blend_8_np
2647.2829279179373ms +/- 152.57711784541593ms
4th run ------
screen_blend_8_np
2656.4722226466984ms +/- 133.0908038909772ms
5th run ------
screen_blend_8_np
2665.3642354533076ms +/- 120.36112840651194ms
6th run ------
screen_blend_8_np
2699.155672142903ms +/- 133.3478171067755ms
7th run ------
screen_blend_8_np
2728.5620837605425ms +/- 142.93295022509488ms
8th run ------
screen_blend_8_np
2690.156111260876ms +/- 167.93222083048633ms
9th run ------
screen_blend_8_np
2664.405319839716ms +/- 174.2773271985495ms
first run, skipping
1th run ------
linear_dodge_8_np
1039.9255640804768ms +/- 0.0ms
2th run ------
linear_dodge_8_np
1193.9137079752982ms +/- 153.9881438948214ms
3th run ------
linear_dodge_8_np
1200.3300972282887ms +/- 126.05781375572585ms
4th run ------
linear_dodge_8_np
1174.8200438451022ms +/- 117.7718887404546ms
5th run ------
linear_dodge_8_np
1167.7595047280192ms +/- 106.28066179926924ms
6th run ------
linear_dodge_8_np
1150.1075704582036ms +/- 104.74223826966053ms
7th run ------
linear_dodge_8_np
1131.8414469382592ms +/- 106.79685130534799ms
8th run ------
linear_dodge_8_np
1130.985455121845ms +/- 99.92497471389677ms
9th run ------
linear_dodge_8_np
1146.6624430484242ms +/- 104.12348278472652ms
first run, skipping
1th run ------
normal_blend_f_np
5564.048897475004ms +/- 0.0ms
2th run ------
normal_blend_f_np
5415.137576404959ms +/- 148.91132107004523ms
3th run ------
normal_blend_f_np
5410.514445664982ms +/- 121.76124604143104ms
4th run ------
normal_blend_f_np
5462.682121666148ms +/- 138.86594267947564ms
5th run ------
normal_blend_f_np
5361.421427689493ms +/- 237.57506731040428ms
6th run ------
normal_blend_f_np
5420.226212901373ms +/- 253.6236207296747ms
7th run ------
normal_blend_f_np
5381.430640151458ms +/- 253.31056530949937ms
8th run ------
normal_blend_f_np
5328.376508550718ms +/- 275.406333159935ms
9th run ------
normal_blend_f_np
5321.879332678185ms +/- 260.30506546224865ms
first run, skipping
1th run ------
normal_blend_8_np
1462.8648338839412ms +/- 0.0ms
2th run ------
normal_blend_8_np
1322.5654745474458ms +/- 140.2993593364954ms
3th run ------
normal_blend_8_np
1368.401074471573ms +/- 131.62222935721513ms
4th run ------
normal_blend_8_np
1394.3237394560128ms +/- 122.51229377253948ms
5th run ------
normal_blend_8_np
1356.0073776170611ms +/- 133.71605751973513ms
6th run ------
normal_blend_8_np
1355.5978266522288ms +/- 122.06893691195522ms
7th run ------
normal_blend_8_np
1340.452514854925ms +/- 118.9471262303829ms
8th run ------
normal_blend_8_np
1325.929963379167ms +/- 117.71235276393298ms
9th run ------
normal_blend_8_np
1330.411997727222ms +/- 111.70196727719464ms
