first run, skipping
1th run ------
normal_blend_f_np
8457.498674280941ms +/- 0.0ms
2th run ------
normal_blend_f_np
7826.385536231101ms +/- 631.1131380498409ms
3th run ------
normal_blend_f_np
7604.965891378622ms +/- 602.9835655023619ms
4th run ------
normal_blend_f_np
7784.117614384741ms +/- 607.4355149047838ms
5th run ------
normal_blend_f_np
7406.934627890587ms +/- 929.6506575142663ms
6th run ------
normal_blend_f_np
7602.156381277989ms +/- 954.3407598051722ms
7th run ------
normal_blend_f_np
7296.148522490902ms +/- 1158.6637451213421ms
8th run ------
normal_blend_f_np
7207.266232930124ms +/- 1109.0488694188589ms
9th run ------
normal_blend_f_np
7173.873830276231ms +/- 1049.8782438419532ms
first run, skipping
1th run ------
dissolve_blend_8_np
28300.082209520042ms +/- 0.0ms
2th run ------
dissolve_blend_8_np
28303.7816057913ms +/- 3.6993962712585926ms
3th run ------
dissolve_blend_8_np
27572.241223727662ms +/- 1034.5587392063048ms
4th run ------
dissolve_blend_8_np
27519.342405488715ms +/- 900.6268336910334ms
5th run ------
dissolve_blend_8_np
27662.978084757924ms +/- 855.2355162690438ms
6th run ------
dissolve_blend_8_np
27640.22841444239ms +/- 782.3751621849813ms
7th run ------
dissolve_blend_8_np
27902.061251790397ms +/- 967.473559948765ms
8th run ------
dissolve_blend_8_np
28035.82087100949ms +/- 971.723161803508ms
9th run ------
dissolve_blend_8_np
28063.040184684927ms +/- 919.3784966030338ms
