#t
/Users/sahilbhatia/Documents/metalift_ecoop/metalift/synthesisLogs/gemv.rkt:56:0
(define (gemv_inv0 A M N agg.result i j sum x)
  (choose
   (&&
    (&& (>= i 0) (<= i M))
    (equal?
     agg.result
     (matrix_vec_mul
      (v1)
      (if (VECTOR_OUTER_LOOP_INDEX)
        (list-take-noerr x i)
        (list-take-noerr x N)))))))
/Users/sahilbhatia/Documents/metalift_ecoop/metalift/synthesisLogs/gemv.rkt:57:0
(define (gemv_inv1 A M N j sum x agg.result i)
  (choose
   (&&
    (&&
     (&& (&& (&& (>= i 0) (< i M)) (>= j 0)) (<= j N))
     (equal? sum (reduce_sum (v0))))
    (equal? agg.result (matrix_vec_mul (v3) (v4))))))
/Users/sahilbhatia/Documents/metalift_ecoop/metalift/synthesisLogs/gemv.rkt:58:0
(define (gemv_ps M N A x gemv_rv)
  (choose (equal? gemv_rv (matrix_vec_mul (v1) (v2)))))
/Users/sahilbhatia/Documents/metalift_ecoop/metalift/synthesisLogs/gemv.rkt:60:0
(define (MATRIX_OUTER_LOOP_INDEX_FIRST) (choose true))
/Users/sahilbhatia/Documents/metalift_ecoop/metalift/synthesisLogs/gemv.rkt:61:0
(define (VECTOR_OUTER_LOOP_INDEX) (choose false))

real	2m48.337s
user	2m26.651s
sys	0m4.285s
