#t
./Documents/metalift_ecoop/metalift/synthesisLogs/lmsfir1.rkt:26:0
(define (lmsfir1_inv0 NTAPS coefficient i input sum)
  (choose
   (&&
    (&& (>= i 0) (<= i NTAPS))
    (equal?
     sum
     (reduce_sum
      (vec_elemwise_mul
       (list-take-noerr coefficient i)
       (list-take-noerr input i)))))))
./Documents/metalift_ecoop/metalift/synthesisLogs/lmsfir1.rkt:27:0
(define (lmsfir1_ps NTAPS input coefficient lmsfir1_rv)
  (choose
   (equal?
    lmsfir1_rv
    (reduce_sum
     (vec_elemwise_mul
      (list-take-noerr input NTAPS)
      (list-take-noerr coefficient NTAPS))))))

real	0m3.525s
user	0m1.800s
sys	0m0.228s
