#t
/Users/sahilbhatia/Documents/metalift_ecoop/metalift/synthesisLogs/mat1x3.rkt:49:0
(define (mat1x3_inv0 N agg.result f h i sum x)
  (choose
   (&&
    (&& (>= i 0) (<= i N))
    (equal?
     agg.result
     (matrix_vec_mul
      (if (MATRIX_OUTER_LOOP_INDEX_FIRST)
        (matrix-col-slice-noerr (matrix-take-noerr h i) 0 N)
        (matrix-col-slice-noerr (matrix-take-noerr h N) 0 i))
      (if (VECTOR_OUTER_LOOP_INDEX)
        (list-take-noerr x i)
        (list-take-noerr x N)))))))
/Users/sahilbhatia/Documents/metalift_ecoop/metalift/synthesisLogs/mat1x3.rkt:50:0
(define (mat1x3_inv1 N f h sum x agg.result i)
  (choose
   (&&
    (&&
     (&& (&& (&& (>= i 0) (< i N)) (>= f 0)) (<= f N))
     (equal?
      sum
      (reduce_sum
       (if (VECTOR_OUTER_LOOP_INDEX)
         (vec_scalar_mul
          (list-ref-noerr x i)
          (if (MATRIX_OUTER_LOOP_INDEX_FIRST)
            (list-take-noerr (matrix-ref-noerr h i) f)
            (matrix-ref-noerr
             (matrix-transpose-noerr
              (matrix-col-slice-with-length-noerr (matrix-take-noerr h f) i 1))
             0)))
         (vec_elemwise_mul
          (if (MATRIX_OUTER_LOOP_INDEX_FIRST)
            (list-take-noerr (matrix-ref-noerr h i) f)
            (matrix-ref-noerr
             (matrix-transpose-noerr
              (matrix-col-slice-with-length-noerr (matrix-take-noerr h f) i 1))
             0))
          (list-take-noerr x f))))))
    (equal?
     agg.result
     (matrix_vec_mul
      (if (MATRIX_OUTER_LOOP_INDEX_FIRST)
        (matrix-col-slice-noerr (matrix-take-noerr h i) 0 N)
        (matrix-col-slice-noerr (matrix-take-noerr h N) 0 i))
      (if (VECTOR_OUTER_LOOP_INDEX)
        (list-take-noerr x i)
        (list-take-noerr x N)))))))
/Users/sahilbhatia/Documents/metalift_ecoop/metalift/synthesisLogs/mat1x3.rkt:51:0
(define (mat1x3_ps N h x mat1x3_rv)
  (choose
   (equal?
    mat1x3_rv
    (matrix_vec_mul
     (matrix-col-slice-noerr (matrix-take-noerr h N) 0 N)
     (list-take-noerr x N)))))
/Users/sahilbhatia/Documents/metalift_ecoop/metalift/synthesisLogs/mat1x3.rkt:53:0
(define (MATRIX_OUTER_LOOP_INDEX_FIRST) (choose true))
/Users/sahilbhatia/Documents/metalift_ecoop/metalift/synthesisLogs/mat1x3.rkt:54:0
(define (VECTOR_OUTER_LOOP_INDEX) (choose false))

real	2m14.706s
user	1m12.290s
sys	0m2.552s
