#t
./Documents/metalift_ecoop/metalift/synthesisLogs/matmul_sca.rkt:42:0
(define (matmul_sca_inv0 agg.result i j m matA n ref.tmp row_vec val)
  (choose
   (&&
    (&& (>= i 0) (<= i m))
    (equal?
     agg.result
     (matrix_scalar_mul
      (v0)
      (if (OUTER_LOOP_INDEX_FIRST)
        (matrix-col-slice-noerr (matrix-take-noerr (v2) i) 0 n)
        (matrix-col-slice-noerr (matrix-take-noerr (v2) n) 0 i)))))))
./Documents/metalift_ecoop/metalift/synthesisLogs/matmul_sca.rkt:43:0
(define (matmul_sca_inv1 j m matA n ref.tmp row_vec val agg.result i)
  (choose
   (&&
    (&&
     (&& (&& (&& (>= i 0) (< i m)) (>= j 0)) (<= j n))
     (equal?
      row_vec
      (vec_scalar_mul
       (v0)
       (if (OUTER_LOOP_INDEX_FIRST)
         (list-take-noerr (matrix-ref-noerr (v1) i) j)
         (matrix-ref-noerr
          (matrix-transpose-noerr
           (matrix-col-slice-with-length-noerr (matrix-take-noerr (v1) j) i 1))
          0)))))
    (equal?
     agg.result
     (matrix_scalar_mul
      (v0)
      (if (OUTER_LOOP_INDEX_FIRST)
        (matrix-col-slice-noerr (matrix-take-noerr (v1) i) 0 n)
        (matrix-col-slice-noerr (matrix-take-noerr (v1) n) 0 i)))))))
./Documents/metalift_ecoop/metalift/synthesisLogs/matmul_sca.rkt:44:0
(define (matmul_sca_ps matA val m n matmul_sca_rv)
  (choose
   (equal?
    matmul_sca_rv
    (matrix_scalar_mul
     (v0)
     (if (OUTER_LOOP_INDEX_FIRST)
       (matrix-col-slice-noerr (matrix-take-noerr (v2) m) 0 n)
       (matrix-col-slice-noerr (matrix-take-noerr (v2) n) 0 m))))))
./Documents/metalift_ecoop/metalift/synthesisLogs/matmul_sca.rkt:46:0
(define (OUTER_LOOP_INDEX_FIRST) (choose true))

real	1m9.538s
user	0m35.172s
sys	0m0.579s
