#t
./Documents/metalift_ecoop/metalift/synthesisLogs/matrix_add_matrix.rkt:39:0
(define (matrix_add_matrix_inv0
         agg.result
         from_matrix
         i
         j
         ref.tmp
         row_vec
         to_matrix)
  (choose
   (&&
    (&& (>= i 0) (<= i (matrix-length from_matrix)))
    (equal?
     agg.result
     (matrix_elemwise_add
      (if (MATRIX_OUTER_LOOP_INDEX_FIRST)
        (matrix-take-noerr to_matrix i)
        (matrix-col-slice-noerr from_matrix 0 i))
      (if (MATRIX_OUTER_LOOP_INDEX_FIRST)
        (matrix-take-noerr from_matrix i)
        (matrix-col-slice-noerr from_matrix 0 i)))))))
./Documents/metalift_ecoop/metalift/synthesisLogs/matrix_add_matrix.rkt:40:0
(define (matrix_add_matrix_inv1
         from_matrix
         j
         ref.tmp
         row_vec
         to_matrix
         agg.result
         i)
  (choose
   (&&
    (&&
     (&&
      (&& (&& (>= i 0) (< i (matrix-length from_matrix))) (>= j 0))
      (<= j (length (matrix-ref-noerr from_matrix 0))))
     (equal?
      row_vec
      (vec_elemwise_add
       (if (MATRIX_OUTER_LOOP_INDEX_FIRST)
         (list-take-noerr (matrix-ref-noerr to_matrix i) j)
         (matrix-ref-noerr
          (matrix-transpose-noerr
           (matrix-col-slice-with-length-noerr
            (matrix-take-noerr to_matrix j)
            i
            1))
          0))
       (if (MATRIX_OUTER_LOOP_INDEX_FIRST)
         (list-take-noerr (matrix-ref-noerr from_matrix i) j)
         (matrix-ref-noerr
          (matrix-transpose-noerr
           (matrix-col-slice-with-length-noerr
            (matrix-take-noerr to_matrix j)
            i
            1))
          0)))))
    (equal?
     agg.result
     (matrix_elemwise_add
      (if (MATRIX_OUTER_LOOP_INDEX_FIRST)
        (matrix-take-noerr from_matrix i)
        (matrix-col-slice-noerr from_matrix 0 i))
      (if (MATRIX_OUTER_LOOP_INDEX_FIRST)
        (matrix-take-noerr to_matrix i)
        (matrix-col-slice-noerr from_matrix 0 i)))))))
./Documents/metalift_ecoop/metalift/synthesisLogs/matrix_add_matrix.rkt:41:0
(define (matrix_add_matrix_ps from_matrix to_matrix matrix_add_matrix_rv)
  (choose
   (equal? matrix_add_matrix_rv (matrix_elemwise_add from_matrix to_matrix))))
./Documents/metalift_ecoop/metalift/synthesisLogs/matrix_add_matrix.rkt:43:0
(define (MATRIX_OUTER_LOOP_INDEX_FIRST) (choose true))

real	4m57.956s
user	4m3.739s
sys	0m10.461s
