#t
./Documents/metalift_ecoop/metalift/synthesisLogs/matsub.rkt:39:0
(define (matsub_inv0 agg.result i j m matA matB n ref.tmp row_vec)
  (choose
   (&&
    (&& (>= i 0) (<= i m))
    (equal?
     agg.result
     (matrix_elemwise_sub
      (if (OUTER_LOOP_INDEX_FIRST)
        (matrix-col-slice-noerr (matrix-take-noerr matA i) 0 n)
        (matrix-col-slice-noerr (matrix-take-noerr matA n) 0 i))
      (if (OUTER_LOOP_INDEX_FIRST)
        (matrix-col-slice-noerr (matrix-take-noerr matB i) 0 n)
        (matrix-col-slice-noerr (matrix-take-noerr matA n) 0 i)))))))
./Documents/metalift_ecoop/metalift/synthesisLogs/matsub.rkt:40:0
(define (matsub_inv1 j m matA matB n ref.tmp row_vec agg.result i)
  (choose
   (&&
    (&&
     (&& (&& (&& (>= i 0) (< i m)) (>= j 0)) (<= j n))
     (equal?
      row_vec
      (vec_elemwise_sub
       (if (OUTER_LOOP_INDEX_FIRST)
         (list-take-noerr (matrix-ref-noerr matA i) j)
         (matrix-ref-noerr
          (matrix-transpose-noerr
           (matrix-col-slice-with-length-noerr (matrix-take-noerr matA j) i 1))
          0))
       (if (OUTER_LOOP_INDEX_FIRST)
         (list-take-noerr (matrix-ref-noerr matB i) j)
         (matrix-ref-noerr
          (matrix-transpose-noerr
           (matrix-col-slice-with-length-noerr (matrix-take-noerr matA j) i 1))
          0)))))
    (equal?
     agg.result
     (matrix_elemwise_sub
      (if (OUTER_LOOP_INDEX_FIRST)
        (matrix-col-slice-noerr (matrix-take-noerr matA i) 0 n)
        (matrix-col-slice-noerr (matrix-take-noerr matA n) 0 i))
      (if (OUTER_LOOP_INDEX_FIRST)
        (matrix-col-slice-noerr (matrix-take-noerr matB i) 0 n)
        (matrix-col-slice-noerr (matrix-take-noerr matA n) 0 i)))))))
./Documents/metalift_ecoop/metalift/synthesisLogs/matsub.rkt:41:0
(define (matsub_ps matA matB m n matsub_rv)
  (choose
   (equal?
    matsub_rv
    (matrix_elemwise_sub
     (if (OUTER_LOOP_INDEX_FIRST)
       (matrix-col-slice-noerr (matrix-take-noerr matA m) 0 n)
       (matrix-col-slice-noerr (matrix-take-noerr matA n) 0 m))
     (if (OUTER_LOOP_INDEX_FIRST)
       (matrix-col-slice-noerr (matrix-take-noerr matB m) 0 n)
       (matrix-col-slice-noerr (matrix-take-noerr matA n) 0 m))))))
./Documents/metalift_ecoop/metalift/synthesisLogs/matsub.rkt:43:0
(define (OUTER_LOOP_INDEX_FIRST) (choose true))

real	4m8.448s
user	2m32.503s
sys	0m4.452s
