#t
./Documents/metalift_ecoop/metalift/synthesisLogs/mult_add_into_cpu.rkt:26:0
(define (mult_add_into_cpu_inv0 N X Y Z agg.result i ref.tmp)
  (choose
   (&&
    (&& (>= i 0) (<= i N))
    (equal?
     agg.result
     (vec_elemwise_add
      (list-take-noerr Z i)
      (vec_elemwise_mul (list-take-noerr X i) (list-take-noerr Y i)))))))
./Documents/metalift_ecoop/metalift/synthesisLogs/mult_add_into_cpu.rkt:27:0
(define (mult_add_into_cpu_ps N X Y Z mult_add_into_cpu_rv)
  (choose
   (equal?
    mult_add_into_cpu_rv
    (vec_elemwise_add
     (list-take-noerr Z N)
     (vec_elemwise_mul (list-take-noerr X N) (list-take-noerr Y N))))))

real	0m4.603s
user	0m3.479s
sys	0m0.371s
