#t
./Documents/metalift_ecoop/metalift/synthesisLogs/n_real_updates.rkt:26:0
(define (n_real_updates_inv0 A B C N agg.result curr i)
  (choose
   (&&
    (&& (>= i 0) (<= i N))
    (equal?
     agg.result
     (vec_elemwise_add
      (list-take-noerr C i)
      (vec_elemwise_mul (list-take-noerr B i) (list-take-noerr A i)))))))
./Documents/metalift_ecoop/metalift/synthesisLogs/n_real_updates.rkt:27:0
(define (n_real_updates_ps N A B C n_real_updates_rv)
  (choose
   (equal?
    n_real_updates_rv
    (vec_elemwise_add
     (vec_elemwise_mul (list-take-noerr B N) (list-take-noerr A N))
     (list-take-noerr C N)))))

real	0m3.526s
user	0m2.455s
sys	0m0.276s
